<?xml version="1.0" encoding="UTF-8"?>
<testng-results skipped="0" failed="0" ignored="0" total="1" passed="1">
  <reporter-output>
  </reporter-output>
  <suite name="Default suite" duration-ms="23252" started-at="2022-10-07T23:28:15 IST" finished-at="2022-10-07T23:28:38 IST">
    <groups>
    </groups>
    <test name="Default test" duration-ms="23252" started-at="2022-10-07T23:28:15 IST" finished-at="2022-10-07T23:28:38 IST">
      <class name="com.actitime.testscript.CreateCustomer">
        <test-method status="PASS" signature="openBrowser()[pri:0, instance:com.actitime.testscript.CreateCustomer@5bfbf16f]" name="openBrowser" is-config="true" duration-ms="2873" started-at="2022-10-07T23:28:15 IST" finished-at="2022-10-07T23:28:18 IST">
          <reporter-output>
          </reporter-output>
        </test-method> <!-- openBrowser -->
        <test-method status="PASS" signature="login()[pri:0, instance:com.actitime.testscript.CreateCustomer@5bfbf16f]" name="login" is-config="true" duration-ms="5961" started-at="2022-10-07T23:28:18 IST" finished-at="2022-10-07T23:28:24 IST">
          <reporter-output>
          </reporter-output>
        </test-method> <!-- login -->
        <test-method status="PASS" signature="CreateCustomer()[pri:0, instance:com.actitime.testscript.CreateCustomer@5bfbf16f]" name="CreateCustomer" duration-ms="12012" started-at="2022-10-07T23:28:24 IST" finished-at="2022-10-07T23:28:36 IST">
          <reporter-output>
          </reporter-output>
        </test-method> <!-- CreateCustomer -->
        <test-method status="PASS" signature="logout()[pri:0, instance:com.actitime.testscript.CreateCustomer@5bfbf16f]" name="logout" is-config="true" duration-ms="2220" started-at="2022-10-07T23:28:36 IST" finished-at="2022-10-07T23:28:38 IST">
          <reporter-output>
          </reporter-output>
        </test-method> <!-- logout -->
        <test-method status="PASS" signature="closeBrowser()[pri:0, instance:com.actitime.testscript.CreateCustomer@5bfbf16f]" name="closeBrowser" is-config="true" duration-ms="109" started-at="2022-10-07T23:28:38 IST" finished-at="2022-10-07T23:28:38 IST">
          <reporter-output>
          </reporter-output>
        </test-method> <!-- closeBrowser -->
      </class> <!-- com.actitime.testscript.CreateCustomer -->
    </test> <!-- Default test -->
  </suite> <!-- Default suite -->
</testng-results>
